<?xml version="1.0" encoding="UTF-8"?>
<testsuite name="de.htwberlin.de.TheBayOfPirates.TheBayOfPiratesApplicationTests" tests="1" skipped="0" failures="0" errors="0" timestamp="2019-12-05T14:27:56" hostname="simplylinux-pc" time="0.054">
  <properties/>
  <testcase name="contextLoads()" classname="de.htwberlin.de.TheBayOfPirates.TheBayOfPiratesApplicationTests" time="0.054"/>
  <system-out><![CDATA[15:27:53.435 [Test worker] DEBUG org.springframework.test.context.BootstrapUtils - Instantiating CacheAwareContextLoaderDelegate from class [org.springframework.test.context.cache.DefaultCacheAwareContextLoaderDelegate]
15:27:53.447 [Test worker] DEBUG org.springframework.test.context.BootstrapUtils - Instantiating BootstrapContext using constructor [public org.springframework.test.context.support.DefaultBootstrapContext(java.lang.Class,org.springframework.test.context.CacheAwareContextLoaderDelegate)]
15:27:53.468 [Test worker] DEBUG org.springframework.test.context.BootstrapUtils - Instantiating TestContextBootstrapper for test class [de.htwberlin.de.TheBayOfPirates.TheBayOfPiratesApplicationTests] from class [org.springframework.boot.test.context.SpringBootTestContextBootstrapper]
15:27:53.477 [Test worker] INFO org.springframework.boot.test.context.SpringBootTestContextBootstrapper - Neither @ContextConfiguration nor @ContextHierarchy found for test class [de.htwberlin.de.TheBayOfPirates.TheBayOfPiratesApplicationTests], using SpringBootContextLoader
15:27:53.481 [Test worker] DEBUG org.springframework.test.context.support.AbstractContextLoader - Did not detect default resource location for test class [de.htwberlin.de.TheBayOfPirates.TheBayOfPiratesApplicationTests]: class path resource [de/htwberlin/de/TheBayOfPirates/TheBayOfPiratesApplicationTests-context.xml] does not exist
15:27:53.482 [Test worker] DEBUG org.springframework.test.context.support.AbstractContextLoader - Did not detect default resource location for test class [de.htwberlin.de.TheBayOfPirates.TheBayOfPiratesApplicationTests]: class path resource [de/htwberlin/de/TheBayOfPirates/TheBayOfPiratesApplicationTestsContext.groovy] does not exist
15:27:53.482 [Test worker] INFO org.springframework.test.context.support.AbstractContextLoader - Could not detect default resource locations for test class [de.htwberlin.de.TheBayOfPirates.TheBayOfPiratesApplicationTests]: no resource found for suffixes {-context.xml, Context.groovy}.
15:27:53.483 [Test worker] INFO org.springframework.test.context.support.AnnotationConfigContextLoaderUtils - Could not detect default configuration classes for test class [de.htwberlin.de.TheBayOfPirates.TheBayOfPiratesApplicationTests]: TheBayOfPiratesApplicationTests does not declare any static, non-private, non-final, nested classes annotated with @Configuration.
15:27:53.509 [Test worker] DEBUG org.springframework.test.context.support.ActiveProfilesUtils - Could not find an 'annotation declaring class' for annotation type [org.springframework.test.context.ActiveProfiles] and class [de.htwberlin.de.TheBayOfPirates.TheBayOfPiratesApplicationTests]
15:27:53.558 [Test worker] DEBUG org.springframework.context.annotation.ClassPathScanningCandidateComponentProvider - Identified candidate component class: file [/home/simplylinux/IdeaProjects/TheBayOfPirates/build/classes/java/main/de/htwberlin/de/TheBayOfPirates/TheBayOfPiratesApplication.class]
15:27:53.562 [Test worker] INFO org.springframework.boot.test.context.SpringBootTestContextBootstrapper - Found @SpringBootConfiguration de.htwberlin.de.TheBayOfPirates.TheBayOfPiratesApplication for test class de.htwberlin.de.TheBayOfPirates.TheBayOfPiratesApplicationTests
15:27:53.622 [Test worker] DEBUG org.springframework.boot.test.context.SpringBootTestContextBootstrapper - @TestExecutionListeners is not present for class [de.htwberlin.de.TheBayOfPirates.TheBayOfPiratesApplicationTests]: using defaults.
15:27:53.622 [Test worker] INFO org.springframework.boot.test.context.SpringBootTestContextBootstrapper - Loaded default TestExecutionListener class names from location [META-INF/spring.factories]: [org.springframework.security.test.context.support.WithSecurityContextTestExecutionListener, org.springframework.security.test.context.support.ReactorContextTestExecutionListener, org.springframework.boot.test.autoconfigure.restdocs.RestDocsTestExecutionListener, org.springframework.boot.test.autoconfigure.web.client.MockRestServiceServerResetTestExecutionListener, org.springframework.boot.test.autoconfigure.web.servlet.MockMvcPrintOnlyOnFailureTestExecutionListener, org.springframework.boot.test.autoconfigure.web.servlet.WebDriverTestExecutionListener, org.springframework.boot.test.mock.mockito.MockitoTestExecutionListener, org.springframework.boot.test.mock.mockito.ResetMocksTestExecutionListener, org.springframework.test.context.web.ServletTestExecutionListener, org.springframework.test.context.support.DirtiesContextBeforeModesTestExecutionListener, org.springframework.test.context.support.DependencyInjectionTestExecutionListener, org.springframework.test.context.support.DirtiesContextTestExecutionListener, org.springframework.test.context.transaction.TransactionalTestExecutionListener, org.springframework.test.context.jdbc.SqlScriptsTestExecutionListener, org.springframework.test.context.event.EventPublishingTestExecutionListener]
15:27:53.632 [Test worker] INFO org.springframework.boot.test.context.SpringBootTestContextBootstrapper - Using TestExecutionListeners: [org.springframework.test.context.web.ServletTestExecutionListener@4a1f551c, org.springframework.test.context.support.DirtiesContextBeforeModesTestExecutionListener@4c34f0e0, org.springframework.boot.test.mock.mockito.MockitoTestExecutionListener@70c16e86, org.springframework.boot.test.autoconfigure.SpringBootDependencyInjectionTestExecutionListener@2c13ae7c, org.springframework.test.context.support.DirtiesContextTestExecutionListener@1c94a957, org.springframework.test.context.transaction.TransactionalTestExecutionListener@77cce9d5, org.springframework.test.context.jdbc.SqlScriptsTestExecutionListener@c021cf4, org.springframework.security.test.context.support.WithSecurityContextTestExecutionListener@3dd32346, org.springframework.test.context.event.EventPublishingTestExecutionListener@4b4ebba, org.springframework.security.test.context.support.ReactorContextTestExecutionListener@14a638b8, org.springframework.boot.test.autoconfigure.restdocs.RestDocsTestExecutionListener@8df6364, org.springframework.boot.test.autoconfigure.web.client.MockRestServiceServerResetTestExecutionListener@2cb2a82a, org.springframework.boot.test.autoconfigure.web.servlet.MockMvcPrintOnlyOnFailureTestExecutionListener@f787f3d, org.springframework.boot.test.autoconfigure.web.servlet.WebDriverTestExecutionListener@2a3ee592, org.springframework.boot.test.mock.mockito.ResetMocksTestExecutionListener@598967f2]
15:27:53.634 [Test worker] DEBUG org.springframework.test.context.support.AbstractDirtiesContextTestExecutionListener - Before test class: context [DefaultTestContext@501c6664 testClass = TheBayOfPiratesApplicationTests, testInstance = [null], testMethod = [null], testException = [null], mergedContextConfiguration = [WebMergedContextConfiguration@39e7b8a8 testClass = TheBayOfPiratesApplicationTests, locations = '{}', classes = '{class de.htwberlin.de.TheBayOfPirates.TheBayOfPiratesApplication}', contextInitializerClasses = '[]', activeProfiles = '{}', propertySourceLocations = '{}', propertySourceProperties = '{org.springframework.boot.test.context.SpringBootTestContextBootstrapper=true}', contextCustomizers = set[org.springframework.boot.test.autoconfigure.properties.PropertyMappingContextCustomizer@0, org.springframework.boot.test.autoconfigure.web.servlet.WebDriverContextCustomizerFactory$Customizer@4a72eeb1, org.springframework.boot.test.context.filter.ExcludeFilterContextCustomizer@20f43b0b, org.springframework.boot.test.json.DuplicateJsonObjectContextCustomizerFactory$DuplicateJsonObjectContextCustomizer@40df7653, org.springframework.boot.test.mock.mockito.MockitoContextCustomizer@0, org.springframework.boot.test.web.client.TestRestTemplateContextCustomizer@49b2865d], resourceBasePath = 'src/main/webapp', contextLoader = 'org.springframework.boot.test.context.SpringBootContextLoader', parent = [null]], attributes = map['org.springframework.test.context.web.ServletTestExecutionListener.activateListener' -> true]], class annotated with @DirtiesContext [false] with mode [null].
15:27:53.654 [Test worker] DEBUG org.springframework.test.context.support.TestPropertySourceUtils - Adding inlined properties to environment: {spring.jmx.enabled=false, org.springframework.boot.test.context.SpringBootTestContextBootstrapper=true, server.port=-1}
2019-12-05 15:27:53.848  INFO 9211 --- [    Test worker] d.h.d.T.TheBayOfPiratesApplicationTests  : Starting TheBayOfPiratesApplicationTests on simplylinux-pc with PID 9211 (started by simplylinux in /home/simplylinux/IdeaProjects/TheBayOfPirates)
2019-12-05 15:27:53.849  INFO 9211 --- [    Test worker] d.h.d.T.TheBayOfPiratesApplicationTests  : No active profile set, falling back to default profiles: default
2019-12-05 15:27:54.662  INFO 9211 --- [    Test worker] o.hibernate.jpa.internal.util.LogHelper  : HHH000204: Processing PersistenceUnitInfo [name: default]
2019-12-05 15:27:54.713  INFO 9211 --- [    Test worker] org.hibernate.Version                    : HHH000412: Hibernate Core {5.4.9.Final}
2019-12-05 15:27:54.787  INFO 9211 --- [    Test worker] o.hibernate.annotations.common.Version   : HCANN000001: Hibernate Commons Annotations {5.1.0.Final}
2019-12-05 15:27:54.851  INFO 9211 --- [    Test worker] com.zaxxer.hikari.HikariDataSource       : HikariPool-1 - Starting...
2019-12-05 15:27:54.911  INFO 9211 --- [    Test worker] com.zaxxer.hikari.HikariDataSource       : HikariPool-1 - Start completed.
2019-12-05 15:27:54.922  INFO 9211 --- [    Test worker] org.hibernate.dialect.Dialect            : HHH000400: Using dialect: org.hibernate.dialect.PostgreSQLDialect
2019-12-05 15:27:55.393  INFO 9211 --- [    Test worker] o.h.e.t.j.p.i.JtaPlatformInitiator       : HHH000490: Using JtaPlatform implementation: [org.hibernate.engine.transaction.jta.platform.internal.NoJtaPlatform]
2019-12-05 15:27:56.355  INFO 9211 --- [    Test worker] d.h.d.T.TheBayOfPiratesApplicationTests  : Started TheBayOfPiratesApplicationTests in 2.695 seconds (JVM running for 3.414)
]]></system-out>
  <system-err><![CDATA[]]></system-err>
</testsuite>
