<?xml version="1.0" encoding="UTF-8"?>
<testsuite name="de.htwberlin.de.TheBayOfPirates.TheBayOfPiratesApplicationTests" tests="1" skipped="0" failures="0" errors="0" timestamp="2019-11-14T18:34:10" hostname="DESKTOP-137LPI5" time="0.247">
  <properties/>
  <testcase name="contextLoads()" classname="de.htwberlin.de.TheBayOfPirates.TheBayOfPiratesApplicationTests" time="0.247"/>
  <system-out><![CDATA[19:34:09.188 [Test worker] DEBUG org.springframework.test.context.BootstrapUtils - Instantiating CacheAwareContextLoaderDelegate from class [org.springframework.test.context.cache.DefaultCacheAwareContextLoaderDelegate]
19:34:09.200 [Test worker] DEBUG org.springframework.test.context.BootstrapUtils - Instantiating BootstrapContext using constructor [public org.springframework.test.context.support.DefaultBootstrapContext(java.lang.Class,org.springframework.test.context.CacheAwareContextLoaderDelegate)]
19:34:09.220 [Test worker] DEBUG org.springframework.test.context.BootstrapUtils - Instantiating TestContextBootstrapper for test class [de.htwberlin.de.TheBayOfPirates.TheBayOfPiratesApplicationTests] from class [org.springframework.boot.test.context.SpringBootTestContextBootstrapper]
19:34:09.234 [Test worker] INFO org.springframework.boot.test.context.SpringBootTestContextBootstrapper - Neither @ContextConfiguration nor @ContextHierarchy found for test class [de.htwberlin.de.TheBayOfPirates.TheBayOfPiratesApplicationTests], using SpringBootContextLoader
19:34:09.238 [Test worker] DEBUG org.springframework.test.context.support.AbstractContextLoader - Did not detect default resource location for test class [de.htwberlin.de.TheBayOfPirates.TheBayOfPiratesApplicationTests]: class path resource [de/htwberlin/de/TheBayOfPirates/TheBayOfPiratesApplicationTests-context.xml] does not exist
19:34:09.239 [Test worker] DEBUG org.springframework.test.context.support.AbstractContextLoader - Did not detect default resource location for test class [de.htwberlin.de.TheBayOfPirates.TheBayOfPiratesApplicationTests]: class path resource [de/htwberlin/de/TheBayOfPirates/TheBayOfPiratesApplicationTestsContext.groovy] does not exist
19:34:09.239 [Test worker] INFO org.springframework.test.context.support.AbstractContextLoader - Could not detect default resource locations for test class [de.htwberlin.de.TheBayOfPirates.TheBayOfPiratesApplicationTests]: no resource found for suffixes {-context.xml, Context.groovy}.
19:34:09.240 [Test worker] INFO org.springframework.test.context.support.AnnotationConfigContextLoaderUtils - Could not detect default configuration classes for test class [de.htwberlin.de.TheBayOfPirates.TheBayOfPiratesApplicationTests]: TheBayOfPiratesApplicationTests does not declare any static, non-private, non-final, nested classes annotated with @Configuration.
19:34:09.264 [Test worker] DEBUG org.springframework.test.context.support.ActiveProfilesUtils - Could not find an 'annotation declaring class' for annotation type [org.springframework.test.context.ActiveProfiles] and class [de.htwberlin.de.TheBayOfPirates.TheBayOfPiratesApplicationTests]
19:34:09.317 [Test worker] DEBUG org.springframework.context.annotation.ClassPathScanningCandidateComponentProvider - Identified candidate component class: file [C:\Users\Rankhole\IdeaProjects\TheBayOfPirates\build\classes\java\main\de\htwberlin\de\TheBayOfPirates\TheBayOfPiratesApplication.class]
19:34:09.318 [Test worker] INFO org.springframework.boot.test.context.SpringBootTestContextBootstrapper - Found @SpringBootConfiguration de.htwberlin.de.TheBayOfPirates.TheBayOfPiratesApplication for test class de.htwberlin.de.TheBayOfPirates.TheBayOfPiratesApplicationTests
19:34:09.383 [Test worker] DEBUG org.springframework.boot.test.context.SpringBootTestContextBootstrapper - @TestExecutionListeners is not present for class [de.htwberlin.de.TheBayOfPirates.TheBayOfPiratesApplicationTests]: using defaults.
19:34:09.384 [Test worker] INFO org.springframework.boot.test.context.SpringBootTestContextBootstrapper - Loaded default TestExecutionListener class names from location [META-INF/spring.factories]: [org.springframework.boot.test.autoconfigure.restdocs.RestDocsTestExecutionListener, org.springframework.boot.test.autoconfigure.web.client.MockRestServiceServerResetTestExecutionListener, org.springframework.boot.test.autoconfigure.web.servlet.MockMvcPrintOnlyOnFailureTestExecutionListener, org.springframework.boot.test.autoconfigure.web.servlet.WebDriverTestExecutionListener, org.springframework.boot.test.mock.mockito.MockitoTestExecutionListener, org.springframework.boot.test.mock.mockito.ResetMocksTestExecutionListener, org.springframework.test.context.web.ServletTestExecutionListener, org.springframework.test.context.support.DirtiesContextBeforeModesTestExecutionListener, org.springframework.test.context.support.DependencyInjectionTestExecutionListener, org.springframework.test.context.support.DirtiesContextTestExecutionListener, org.springframework.test.context.transaction.TransactionalTestExecutionListener, org.springframework.test.context.jdbc.SqlScriptsTestExecutionListener, org.springframework.test.context.event.EventPublishingTestExecutionListener]
19:34:09.391 [Test worker] DEBUG org.springframework.boot.test.context.SpringBootTestContextBootstrapper - Skipping candidate TestExecutionListener [org.springframework.test.context.transaction.TransactionalTestExecutionListener] due to a missing dependency. Specify custom listener classes or make the default listener classes and their required dependencies available. Offending class: [org/springframework/transaction/interceptor/TransactionAttributeSource]
19:34:09.392 [Test worker] DEBUG org.springframework.boot.test.context.SpringBootTestContextBootstrapper - Skipping candidate TestExecutionListener [org.springframework.test.context.jdbc.SqlScriptsTestExecutionListener] due to a missing dependency. Specify custom listener classes or make the default listener classes and their required dependencies available. Offending class: [org/springframework/transaction/interceptor/TransactionAttribute]
19:34:09.392 [Test worker] INFO org.springframework.boot.test.context.SpringBootTestContextBootstrapper - Using TestExecutionListeners: [org.springframework.test.context.web.ServletTestExecutionListener@a7c76da, org.springframework.test.context.support.DirtiesContextBeforeModesTestExecutionListener@20248939, org.springframework.boot.test.mock.mockito.MockitoTestExecutionListener@f3c49de, org.springframework.boot.test.autoconfigure.SpringBootDependencyInjectionTestExecutionListener@2b79eb95, org.springframework.test.context.support.DirtiesContextTestExecutionListener@42da9286, org.springframework.test.context.event.EventPublishingTestExecutionListener@4633a6a5, org.springframework.boot.test.autoconfigure.restdocs.RestDocsTestExecutionListener@2bac6504, org.springframework.boot.test.autoconfigure.web.client.MockRestServiceServerResetTestExecutionListener@4fed16a7, org.springframework.boot.test.autoconfigure.web.servlet.MockMvcPrintOnlyOnFailureTestExecutionListener@59b5e37e, org.springframework.boot.test.autoconfigure.web.servlet.WebDriverTestExecutionListener@2687063, org.springframework.boot.test.mock.mockito.ResetMocksTestExecutionListener@4a24b16f]
19:34:09.394 [Test worker] DEBUG org.springframework.test.context.support.AbstractDirtiesContextTestExecutionListener - Before test class: context [DefaultTestContext@5ed5dfa6 testClass = TheBayOfPiratesApplicationTests, testInstance = [null], testMethod = [null], testException = [null], mergedContextConfiguration = [WebMergedContextConfiguration@6e03a8bd testClass = TheBayOfPiratesApplicationTests, locations = '{}', classes = '{class de.htwberlin.de.TheBayOfPirates.TheBayOfPiratesApplication}', contextInitializerClasses = '[]', activeProfiles = '{}', propertySourceLocations = '{}', propertySourceProperties = '{org.springframework.boot.test.context.SpringBootTestContextBootstrapper=true}', contextCustomizers = set[org.springframework.boot.test.autoconfigure.properties.PropertyMappingContextCustomizer@0, org.springframework.boot.test.autoconfigure.web.servlet.WebDriverContextCustomizerFactory$Customizer@1c2eb21, org.springframework.boot.test.context.filter.ExcludeFilterContextCustomizer@62c248c8, org.springframework.boot.test.json.DuplicateJsonObjectContextCustomizerFactory$DuplicateJsonObjectContextCustomizer@5bf9d55b, org.springframework.boot.test.mock.mockito.MockitoContextCustomizer@0, org.springframework.boot.test.web.client.TestRestTemplateContextCustomizer@67bff57f], resourceBasePath = 'src/main/webapp', contextLoader = 'org.springframework.boot.test.context.SpringBootContextLoader', parent = [null]], attributes = map['org.springframework.test.context.web.ServletTestExecutionListener.activateListener' -> true]], class annotated with @DirtiesContext [false] with mode [null].
19:34:09.415 [Test worker] DEBUG org.springframework.test.context.support.TestPropertySourceUtils - Adding inlined properties to environment: {spring.jmx.enabled=false, org.springframework.boot.test.context.SpringBootTestContextBootstrapper=true, server.port=-1}

  .   ____          _            __ _ _
 /\\ / ___'_ __ _ _(_)_ __  __ _ \ \ \ \
( ( )\___ | '_ | '_| | '_ \/ _` | \ \ \ \
 \\/  ___)| |_)| | | | | || (_| |  ) ) ) )
  '  |____| .__|_| |_|_| |_\__, | / / / /
 =========|_|==============|___/=/_/_/_/
 :: Spring Boot ::        (v2.2.0.RELEASE)

2019-11-14 19:34:09.606  INFO 3268 --- [    Test worker] d.h.d.T.TheBayOfPiratesApplicationTests  : Starting TheBayOfPiratesApplicationTests on DESKTOP-137LPI5 with PID 3268 (started by Rankhole in C:\Users\Rankhole\IdeaProjects\TheBayOfPirates)
2019-11-14 19:34:09.606  INFO 3268 --- [    Test worker] d.h.d.T.TheBayOfPiratesApplicationTests  : No active profile set, falling back to default profiles: default
2019-11-14 19:34:10.405  INFO 3268 --- [    Test worker] o.s.s.concurrent.ThreadPoolTaskExecutor  : Initializing ExecutorService 'applicationTaskExecutor'
2019-11-14 19:34:10.466  INFO 3268 --- [    Test worker] o.s.b.a.w.s.WelcomePageHandlerMapping    : Adding welcome page: class path resource [static/index.html]
2019-11-14 19:34:10.609  INFO 3268 --- [    Test worker] d.h.d.T.TheBayOfPiratesApplicationTests  : Started TheBayOfPiratesApplicationTests in 1.195 seconds (JVM running for 2.052)
]]></system-out>
  <system-err><![CDATA[]]></system-err>
</testsuite>
