<?xml version="1.0" encoding="UTF-8"?>
<testsuite name="de.htwberlin.de.TheBayOfPirates.TheBayOfPiratesApplicationTests" tests="1" skipped="0" failures="0" errors="0" timestamp="2019-12-05T15:54:43" hostname="simplylinux-pc" time="0.05">
  <properties/>
  <testcase name="contextLoads()" classname="de.htwberlin.de.TheBayOfPirates.TheBayOfPiratesApplicationTests" time="0.05"/>
  <system-out><![CDATA[16:54:40.535 [Test worker] DEBUG org.springframework.test.context.BootstrapUtils - Instantiating CacheAwareContextLoaderDelegate from class [org.springframework.test.context.cache.DefaultCacheAwareContextLoaderDelegate]
16:54:40.545 [Test worker] DEBUG org.springframework.test.context.BootstrapUtils - Instantiating BootstrapContext using constructor [public org.springframework.test.context.support.DefaultBootstrapContext(java.lang.Class,org.springframework.test.context.CacheAwareContextLoaderDelegate)]
16:54:40.560 [Test worker] DEBUG org.springframework.test.context.BootstrapUtils - Instantiating TestContextBootstrapper for test class [de.htwberlin.de.TheBayOfPirates.TheBayOfPiratesApplicationTests] from class [org.springframework.boot.test.context.SpringBootTestContextBootstrapper]
16:54:40.568 [Test worker] INFO org.springframework.boot.test.context.SpringBootTestContextBootstrapper - Neither @ContextConfiguration nor @ContextHierarchy found for test class [de.htwberlin.de.TheBayOfPirates.TheBayOfPiratesApplicationTests], using SpringBootContextLoader
16:54:40.571 [Test worker] DEBUG org.springframework.test.context.support.AbstractContextLoader - Did not detect default resource location for test class [de.htwberlin.de.TheBayOfPirates.TheBayOfPiratesApplicationTests]: class path resource [de/htwberlin/de/TheBayOfPirates/TheBayOfPiratesApplicationTests-context.xml] does not exist
16:54:40.572 [Test worker] DEBUG org.springframework.test.context.support.AbstractContextLoader - Did not detect default resource location for test class [de.htwberlin.de.TheBayOfPirates.TheBayOfPiratesApplicationTests]: class path resource [de/htwberlin/de/TheBayOfPirates/TheBayOfPiratesApplicationTestsContext.groovy] does not exist
16:54:40.572 [Test worker] INFO org.springframework.test.context.support.AbstractContextLoader - Could not detect default resource locations for test class [de.htwberlin.de.TheBayOfPirates.TheBayOfPiratesApplicationTests]: no resource found for suffixes {-context.xml, Context.groovy}.
16:54:40.572 [Test worker] INFO org.springframework.test.context.support.AnnotationConfigContextLoaderUtils - Could not detect default configuration classes for test class [de.htwberlin.de.TheBayOfPirates.TheBayOfPiratesApplicationTests]: TheBayOfPiratesApplicationTests does not declare any static, non-private, non-final, nested classes annotated with @Configuration.
16:54:40.594 [Test worker] DEBUG org.springframework.test.context.support.ActiveProfilesUtils - Could not find an 'annotation declaring class' for annotation type [org.springframework.test.context.ActiveProfiles] and class [de.htwberlin.de.TheBayOfPirates.TheBayOfPiratesApplicationTests]
16:54:40.634 [Test worker] DEBUG org.springframework.context.annotation.ClassPathScanningCandidateComponentProvider - Identified candidate component class: file [/home/simplylinux/IdeaProjects/TheBayOfPirates/build/classes/java/main/de/htwberlin/de/TheBayOfPirates/TheBayOfPiratesApplication.class]
16:54:40.637 [Test worker] INFO org.springframework.boot.test.context.SpringBootTestContextBootstrapper - Found @SpringBootConfiguration de.htwberlin.de.TheBayOfPirates.TheBayOfPiratesApplication for test class de.htwberlin.de.TheBayOfPirates.TheBayOfPiratesApplicationTests
16:54:40.694 [Test worker] DEBUG org.springframework.boot.test.context.SpringBootTestContextBootstrapper - @TestExecutionListeners is not present for class [de.htwberlin.de.TheBayOfPirates.TheBayOfPiratesApplicationTests]: using defaults.
16:54:40.694 [Test worker] INFO org.springframework.boot.test.context.SpringBootTestContextBootstrapper - Loaded default TestExecutionListener class names from location [META-INF/spring.factories]: [org.springframework.security.test.context.support.WithSecurityContextTestExecutionListener, org.springframework.security.test.context.support.ReactorContextTestExecutionListener, org.springframework.boot.test.autoconfigure.restdocs.RestDocsTestExecutionListener, org.springframework.boot.test.autoconfigure.web.client.MockRestServiceServerResetTestExecutionListener, org.springframework.boot.test.autoconfigure.web.servlet.MockMvcPrintOnlyOnFailureTestExecutionListener, org.springframework.boot.test.autoconfigure.web.servlet.WebDriverTestExecutionListener, org.springframework.boot.test.mock.mockito.MockitoTestExecutionListener, org.springframework.boot.test.mock.mockito.ResetMocksTestExecutionListener, org.springframework.test.context.web.ServletTestExecutionListener, org.springframework.test.context.support.DirtiesContextBeforeModesTestExecutionListener, org.springframework.test.context.support.DependencyInjectionTestExecutionListener, org.springframework.test.context.support.DirtiesContextTestExecutionListener, org.springframework.test.context.transaction.TransactionalTestExecutionListener, org.springframework.test.context.jdbc.SqlScriptsTestExecutionListener, org.springframework.test.context.event.EventPublishingTestExecutionListener]
16:54:40.704 [Test worker] INFO org.springframework.boot.test.context.SpringBootTestContextBootstrapper - Using TestExecutionListeners: [org.springframework.test.context.web.ServletTestExecutionListener@1beb32f8, org.springframework.test.context.support.DirtiesContextBeforeModesTestExecutionListener@41996368, org.springframework.boot.test.mock.mockito.MockitoTestExecutionListener@71e61b8c, org.springframework.boot.test.autoconfigure.SpringBootDependencyInjectionTestExecutionListener@7325938e, org.springframework.test.context.support.DirtiesContextTestExecutionListener@311b03e0, org.springframework.test.context.transaction.TransactionalTestExecutionListener@3b93b488, org.springframework.test.context.jdbc.SqlScriptsTestExecutionListener@7ae8e20d, org.springframework.security.test.context.support.WithSecurityContextTestExecutionListener@258ea73d, org.springframework.test.context.event.EventPublishingTestExecutionListener@4ce3a46f, org.springframework.security.test.context.support.ReactorContextTestExecutionListener@6af26e8f, org.springframework.boot.test.autoconfigure.restdocs.RestDocsTestExecutionListener@57b71156, org.springframework.boot.test.autoconfigure.web.client.MockRestServiceServerResetTestExecutionListener@750f3d2, org.springframework.boot.test.autoconfigure.web.servlet.MockMvcPrintOnlyOnFailureTestExecutionListener@56c1ff8b, org.springframework.boot.test.autoconfigure.web.servlet.WebDriverTestExecutionListener@2fbe75ca, org.springframework.boot.test.mock.mockito.ResetMocksTestExecutionListener@40ececca]
16:54:40.706 [Test worker] DEBUG org.springframework.test.context.support.AbstractDirtiesContextTestExecutionListener - Before test class: context [DefaultTestContext@75d06e0c testClass = TheBayOfPiratesApplicationTests, testInstance = [null], testMethod = [null], testException = [null], mergedContextConfiguration = [WebMergedContextConfiguration@3718ced2 testClass = TheBayOfPiratesApplicationTests, locations = '{}', classes = '{class de.htwberlin.de.TheBayOfPirates.TheBayOfPiratesApplication}', contextInitializerClasses = '[]', activeProfiles = '{}', propertySourceLocations = '{}', propertySourceProperties = '{org.springframework.boot.test.context.SpringBootTestContextBootstrapper=true}', contextCustomizers = set[org.springframework.boot.test.autoconfigure.properties.PropertyMappingContextCustomizer@0, org.springframework.boot.test.autoconfigure.web.servlet.WebDriverContextCustomizerFactory$Customizer@67f0f89d, org.springframework.boot.test.context.filter.ExcludeFilterContextCustomizer@5cb0e1d6, org.springframework.boot.test.json.DuplicateJsonObjectContextCustomizerFactory$DuplicateJsonObjectContextCustomizer@4175dd7c, org.springframework.boot.test.mock.mockito.MockitoContextCustomizer@0, org.springframework.boot.test.web.client.TestRestTemplateContextCustomizer@63a8bbff], resourceBasePath = 'src/main/webapp', contextLoader = 'org.springframework.boot.test.context.SpringBootContextLoader', parent = [null]], attributes = map['org.springframework.test.context.web.ServletTestExecutionListener.activateListener' -> true]], class annotated with @DirtiesContext [false] with mode [null].
16:54:40.721 [Test worker] DEBUG org.springframework.test.context.support.TestPropertySourceUtils - Adding inlined properties to environment: {spring.jmx.enabled=false, org.springframework.boot.test.context.SpringBootTestContextBootstrapper=true, server.port=-1}

  .   ____          _            __ _ _
 /\\ / ___'_ __ _ _(_)_ __  __ _ \ \ \ \
( ( )\___ | '_ | '_| | '_ \/ _` | \ \ \ \
 \\/  ___)| |_)| | | | | || (_| |  ) ) ) )
  '  |____| .__|_| |_|_| |_\__, | / / / /
 =========|_|==============|___/=/_/_/_/
 :: Spring Boot ::        (v2.2.0.RELEASE)

2019-12-05 16:54:40.884  INFO 16379 --- [    Test worker] d.h.d.T.TheBayOfPiratesApplicationTests  : Starting TheBayOfPiratesApplicationTests on simplylinux-pc with PID 16379 (started by simplylinux in /home/simplylinux/IdeaProjects/TheBayOfPirates)
2019-12-05 16:54:40.885  INFO 16379 --- [    Test worker] d.h.d.T.TheBayOfPiratesApplicationTests  : No active profile set, falling back to default profiles: default
2019-12-05 16:54:41.267  INFO 16379 --- [    Test worker] .s.d.r.c.RepositoryConfigurationDelegate : Bootstrapping Spring Data repositories in DEFAULT mode.
2019-12-05 16:54:41.315  INFO 16379 --- [    Test worker] .s.d.r.c.RepositoryConfigurationDelegate : Finished Spring Data repository scanning in 43ms. Found 2 repository interfaces.
2019-12-05 16:54:41.560  INFO 16379 --- [    Test worker] trationDelegate$BeanPostProcessorChecker : Bean 'org.springframework.transaction.annotation.ProxyTransactionManagementConfiguration' of type [org.springframework.transaction.annotation.ProxyTransactionManagementConfiguration] is not eligible for getting processed by all BeanPostProcessors (for example: not eligible for auto-proxying)
2019-12-05 16:54:41.695  INFO 16379 --- [    Test worker] o.hibernate.jpa.internal.util.LogHelper  : HHH000204: Processing PersistenceUnitInfo [name: default]
2019-12-05 16:54:41.732  INFO 16379 --- [    Test worker] org.hibernate.Version                    : HHH000412: Hibernate Core {5.4.9.Final}
2019-12-05 16:54:41.806  INFO 16379 --- [    Test worker] o.hibernate.annotations.common.Version   : HCANN000001: Hibernate Commons Annotations {5.1.0.Final}
2019-12-05 16:54:41.865  INFO 16379 --- [    Test worker] com.zaxxer.hikari.HikariDataSource       : HikariPool-1 - Starting...
2019-12-05 16:54:41.927  INFO 16379 --- [    Test worker] com.zaxxer.hikari.HikariDataSource       : HikariPool-1 - Start completed.
2019-12-05 16:54:41.941  INFO 16379 --- [    Test worker] org.hibernate.dialect.Dialect            : HHH000400: Using dialect: org.hibernate.dialect.PostgreSQL10Dialect
2019-12-05 16:54:42.407  INFO 16379 --- [    Test worker] o.h.e.t.j.p.i.JtaPlatformInitiator       : HHH000490: Using JtaPlatform implementation: [org.hibernate.engine.transaction.jta.platform.internal.NoJtaPlatform]
2019-12-05 16:54:42.413  INFO 16379 --- [    Test worker] j.LocalContainerEntityManagerFactoryBean : Initialized JPA EntityManagerFactory for persistence unit 'default'
2019-12-05 16:54:42.451  WARN 16379 --- [    Test worker] JpaBaseConfiguration$JpaWebConfiguration : spring.jpa.open-in-view is enabled by default. Therefore, database queries may be performed during view rendering. Explicitly configure spring.jpa.open-in-view to disable this warning
2019-12-05 16:54:42.497  INFO 16379 --- [    Test worker] .s.s.UserDetailsServiceAutoConfiguration : 

Using generated security password: b8801180-398e-45d2-b5e3-6bda9b56bec1

2019-12-05 16:54:42.968  INFO 16379 --- [    Test worker] o.s.s.web.DefaultSecurityFilterChain     : Creating filter chain: any request, [org.springframework.security.web.context.request.async.WebAsyncManagerIntegrationFilter@43fd89e9, org.springframework.security.web.context.SecurityContextPersistenceFilter@631f270c, org.springframework.security.web.header.HeaderWriterFilter@6316d957, org.springframework.security.web.authentication.logout.LogoutFilter@2799c822, org.springframework.security.web.authentication.UsernamePasswordAuthenticationFilter@2fb4db4d, org.springframework.security.web.savedrequest.RequestCacheAwareFilter@5016a2da, org.springframework.security.web.servletapi.SecurityContextHolderAwareRequestFilter@2ea7da2f, org.springframework.security.web.authentication.AnonymousAuthenticationFilter@6c15bafe, org.springframework.security.web.session.SessionManagementFilter@31c291a, org.springframework.security.web.access.ExceptionTranslationFilter@10f87f9b, org.springframework.security.web.access.intercept.FilterSecurityInterceptor@75b6a361]
2019-12-05 16:54:43.184  INFO 16379 --- [    Test worker] o.s.s.concurrent.ThreadPoolTaskExecutor  : Initializing ExecutorService 'applicationTaskExecutor'
2019-12-05 16:54:43.246  INFO 16379 --- [    Test worker] o.s.b.a.w.s.WelcomePageHandlerMapping    : Adding welcome page template: index
2019-12-05 16:54:43.418  INFO 16379 --- [    Test worker] d.h.d.T.TheBayOfPiratesApplicationTests  : Started TheBayOfPiratesApplicationTests in 2.692 seconds (JVM running for 3.413)
]]></system-out>
  <system-err><![CDATA[]]></system-err>
</testsuite>
